<?xml version="1.0" encoding="UTF-8"?>
<testsuite name="org.springframework.samples.petclinic.PostgresIntegrationTests" tests="2" skipped="0" failures="0" errors="0" timestamp="2025-04-23T22:44:30.565Z" hostname="inkerinmaa" time="0.078">
  <properties/>
  <testcase name="testFindAll()" classname="org.springframework.samples.petclinic.PostgresIntegrationTests" time="0.024"/>
  <testcase name="testOwnerDetails()" classname="org.springframework.samples.petclinic.PostgresIntegrationTests" time="0.053"/>
  <system-out><![CDATA[2025-04-24T01:44:24.643+03:00  INFO 65715 --- [    Test worker] t.c.s.AnnotationConfigContextLoaderUtils : Could not detect default configuration classes for test class [org.springframework.samples.petclinic.PostgresIntegrationTests]: PostgresIntegrationTests does not declare any static, non-private, non-final, nested classes annotated with @Configuration.
2025-04-24T01:44:24.648+03:00  INFO 65715 --- [    Test worker] .b.t.c.SpringBootTestContextBootstrapper : Found @SpringBootConfiguration org.springframework.samples.petclinic.PetClinicApplication for test class org.springframework.samples.petclinic.PostgresIntegrationTests


              |\      _,,,--,,_
             /,`.-'`'   ._  \-;;,_
  _______ __|,4-  ) )_   .;.(__`'-'__     ___ __    _ ___ _______
 |       | '---''(_/._)-'(_\_)   |   |   |   |  |  | |   |       |
 |    _  |    ___|_     _|       |   |   |   |   |_| |   |       | __ _ _
 |   |_| |   |___  |   | |       |   |   |   |       |   |       | \ \ \ \
 |    ___|    ___| |   | |      _|   |___|   |  _    |   |      _|  \ \ \ \
 |   |   |   |___  |   | |     |_|       |   | | |   |   |     |_    ) ) ) )
 |___|   |_______| |___| |_______|_______|___|_|  |__|___|_______|  / / / /
 ==================================================================/_/_/_/

:: Built with Spring Boot :: 3.4.2


2025-04-24T01:44:24.683+03:00  INFO 65715 --- [    Test worker] o.s.s.p.PostgresIntegrationTests         : Starting PostgresIntegrationTests using Java 17.0.15 with PID 65715 (started by inkerinmaa in /home/inkerinmaa/CRaC-RnD)
2025-04-24T01:44:24.683+03:00  INFO 65715 --- [    Test worker] o.s.s.p.PostgresIntegrationTests         : The following 1 profile is active: "postgres"
2025-04-24T01:44:24.689+03:00  INFO 65715 --- [    Test worker] .s.b.d.c.l.DockerComposeLifecycleManager : Using Docker Compose file /home/inkerinmaa/CRaC-RnD/docker-compose.yml
2025-04-24T01:44:25.006+03:00  INFO 65715 --- [utReader-stderr] o.s.boot.docker.compose.core.DockerCli   :  Network crac-rnd_default  Creating
2025-04-24T01:44:25.047+03:00  INFO 65715 --- [utReader-stderr] o.s.boot.docker.compose.core.DockerCli   :  Network crac-rnd_default  Created
2025-04-24T01:44:25.048+03:00  INFO 65715 --- [utReader-stderr] o.s.boot.docker.compose.core.DockerCli   :  Volume "crac-rnd_postgres_data"  Creating
2025-04-24T01:44:25.050+03:00  INFO 65715 --- [utReader-stderr] o.s.boot.docker.compose.core.DockerCli   :  Volume "crac-rnd_postgres_data"  Created
2025-04-24T01:44:25.050+03:00  INFO 65715 --- [utReader-stderr] o.s.boot.docker.compose.core.DockerCli   :  Container crac-rnd-postgres-1  Creating
2025-04-24T01:44:25.192+03:00  INFO 65715 --- [utReader-stderr] o.s.boot.docker.compose.core.DockerCli   :  Container crac-rnd-postgres-1  Created
2025-04-24T01:44:25.193+03:00  INFO 65715 --- [utReader-stderr] o.s.boot.docker.compose.core.DockerCli   :  Container crac-rnd-postgres-1  Starting
2025-04-24T01:44:25.367+03:00  INFO 65715 --- [utReader-stderr] o.s.boot.docker.compose.core.DockerCli   :  Container crac-rnd-postgres-1  Started
2025-04-24T01:44:25.367+03:00  INFO 65715 --- [utReader-stderr] o.s.boot.docker.compose.core.DockerCli   :  Container crac-rnd-postgres-1  Waiting
2025-04-24T01:44:25.868+03:00  INFO 65715 --- [utReader-stderr] o.s.boot.docker.compose.core.DockerCli   :  Container crac-rnd-postgres-1  Healthy
2025-04-24T01:44:29.399+03:00  INFO 65715 --- [    Test worker] .s.d.r.c.RepositoryConfigurationDelegate : Bootstrapping Spring Data JPA repositories in DEFAULT mode.
2025-04-24T01:44:29.408+03:00  INFO 65715 --- [    Test worker] .s.d.r.c.RepositoryConfigurationDelegate : Finished Spring Data repository scanning in 8 ms. Found 2 JPA repository interfaces.
2025-04-24T01:44:29.527+03:00  INFO 65715 --- [    Test worker] o.s.b.w.embedded.tomcat.TomcatWebServer  : Tomcat initialized with port 0 (http)
2025-04-24T01:44:29.527+03:00  INFO 65715 --- [    Test worker] o.apache.catalina.core.StandardService   : Starting service [Tomcat]
2025-04-24T01:44:29.528+03:00  INFO 65715 --- [    Test worker] o.apache.catalina.core.StandardEngine    : Starting Servlet engine: [Apache Tomcat/10.1.34]
2025-04-24T01:44:29.536+03:00  INFO 65715 --- [    Test worker] o.a.c.c.C.[Tomcat-2].[localhost].[/]     : Initializing Spring embedded WebApplicationContext
2025-04-24T01:44:29.536+03:00  INFO 65715 --- [    Test worker] w.s.c.ServletWebServerApplicationContext : Root WebApplicationContext: initialization completed in 363 ms
2025-04-24T01:44:29.619+03:00  INFO 65715 --- [    Test worker] com.zaxxer.hikari.HikariDataSource       : HikariPool-3 - Starting...
2025-04-24T01:44:29.715+03:00  INFO 65715 --- [    Test worker] com.zaxxer.hikari.pool.HikariPool        : HikariPool-3 - Added connection org.postgresql.jdbc.PgConnection@74a1517c
2025-04-24T01:44:29.716+03:00  INFO 65715 --- [    Test worker] com.zaxxer.hikari.HikariDataSource       : HikariPool-3 - Start completed.
2025-04-24T01:44:29.929+03:00  INFO 65715 --- [    Test worker] o.hibernate.jpa.internal.util.LogHelper  : HHH000204: Processing PersistenceUnitInfo [name: default]
2025-04-24T01:44:29.931+03:00  INFO 65715 --- [    Test worker] o.h.c.internal.RegionFactoryInitiator    : HHH000026: Second-level cache disabled
2025-04-24T01:44:29.938+03:00  INFO 65715 --- [    Test worker] o.s.o.j.p.SpringPersistenceUnitInfo      : No LoadTimeWeaver setup: ignoring JPA class transformer
2025-04-24T01:44:29.950+03:00  INFO 65715 --- [    Test worker] org.hibernate.orm.connections.pooling    : HHH10001005: Database info:
	Database JDBC URL [Connecting through datasource 'HikariDataSource (HikariPool-3)']
	Database driver: undefined/unknown
	Database version: 17.0
	Autocommit mode: undefined/unknown
	Isolation level: undefined/unknown
	Minimum pool size: undefined/unknown
	Maximum pool size: undefined/unknown
2025-04-24T01:44:30.077+03:00  INFO 65715 --- [    Test worker] o.h.e.t.j.p.i.JtaPlatformInitiator       : HHH000489: No JTA platform available (set 'hibernate.transaction.jta.platform' to enable JTA platform integration)
2025-04-24T01:44:30.078+03:00  INFO 65715 --- [    Test worker] j.LocalContainerEntityManagerFactoryBean : Initialized JPA EntityManagerFactory for persistence unit 'default'
2025-04-24T01:44:30.524+03:00  INFO 65715 --- [    Test worker] o.s.b.a.e.web.EndpointLinksResolver      : Exposing 14 endpoints beneath base path '/actuator'
2025-04-24T01:44:30.558+03:00  INFO 65715 --- [    Test worker] o.s.b.w.embedded.tomcat.TomcatWebServer  : Tomcat started on port 35321 (http) with context path '/'
2025-04-24T01:44:30.563+03:00  INFO 65715 --- [    Test worker] o.s.s.p.PostgresIntegrationTests         : Started PostgresIntegrationTests in 5.907 seconds (process running for 71.412)
2025-04-24T01:44:30.597+03:00  INFO 65715 --- [o-auto-3-exec-1] o.a.c.c.C.[Tomcat-2].[localhost].[/]     : Initializing Spring DispatcherServlet 'dispatcherServlet'
2025-04-24T01:44:30.597+03:00  INFO 65715 --- [o-auto-3-exec-1] o.s.web.servlet.DispatcherServlet        : Initializing Servlet 'dispatcherServlet'
2025-04-24T01:44:30.598+03:00  INFO 65715 --- [o-auto-3-exec-1] o.s.web.servlet.DispatcherServlet        : Completed initialization in 1 ms
]]></system-out>
  <system-err><![CDATA[]]></system-err>
</testsuite>
