<?xml version="1.0" encoding="UTF-8"?>
<testsuite name="org.springframework.samples.petclinic.MySqlIntegrationTests" tests="2" skipped="0" failures="0" errors="0" timestamp="2025-04-23T22:44:22.281Z" hostname="inkerinmaa" time="0.956">
  <properties/>
  <testcase name="testFindAll()" classname="org.springframework.samples.petclinic.MySqlIntegrationTests" time="0.464"/>
  <testcase name="testOwnerDetails()" classname="org.springframework.samples.petclinic.MySqlIntegrationTests" time="0.49"/>
  <system-out><![CDATA[01:43:35.607 [Test worker] INFO org.springframework.test.context.support.AnnotationConfigContextLoaderUtils -- Could not detect default configuration classes for test class [org.springframework.samples.petclinic.MySqlIntegrationTests]: MySqlIntegrationTests does not declare any static, non-private, non-final, nested classes annotated with @Configuration.
01:43:37.117 [Test worker] INFO org.springframework.boot.test.context.SpringBootTestContextBootstrapper -- Found @SpringBootConfiguration org.springframework.samples.petclinic.PetClinicApplication for test class org.springframework.samples.petclinic.MySqlIntegrationTests
01:43:37.876 [Test worker] INFO tc.mysql:9.1 -- Creating container for image: mysql:9.1
01:43:38.236 [Test worker] INFO tc.mysql:9.1 -- Container mysql:9.1 is starting: c850acabadac58805e7af3e8ed72da15988f0ebb4a0e9393169853399168c83f
01:43:39.835 [Test worker] INFO tc.mysql:9.1 -- Waiting for database connection to become available at jdbc:mysql://localhost:32771/test using query 'SELECT 1'
01:44:00.347 [Test worker] INFO tc.mysql:9.1 -- Container mysql:9.1 started in PT22.471135438S
01:44:00.347 [Test worker] INFO tc.mysql:9.1 -- Container is started (JDBC URL: jdbc:mysql://localhost:32771/test)


              |\      _,,,--,,_
             /,`.-'`'   ._  \-;;,_
  _______ __|,4-  ) )_   .;.(__`'-'__     ___ __    _ ___ _______
 |       | '---''(_/._)-'(_\_)   |   |   |   |  |  | |   |       |
 |    _  |    ___|_     _|       |   |   |   |   |_| |   |       | __ _ _
 |   |_| |   |___  |   | |       |   |   |   |       |   |       | \ \ \ \
 |    ___|    ___| |   | |      _|   |___|   |  _    |   |      _|  \ \ \ \
 |   |   |   |___  |   | |     |_|       |   | | |   |   |     |_    ) ) ) )
 |___|   |_______| |___| |_______|_______|___|_|  |__|___|_______|  / / / /
 ==================================================================/_/_/_/

:: Built with Spring Boot :: 3.4.2


2025-04-24T01:44:00.615+03:00  INFO 65715 --- [    Test worker] o.s.s.petclinic.MySqlIntegrationTests    : Starting MySqlIntegrationTests using Java 17.0.15 with PID 65715 (started by inkerinmaa in /home/inkerinmaa/CRaC-RnD)
2025-04-24T01:44:00.616+03:00  INFO 65715 --- [    Test worker] o.s.s.petclinic.MySqlIntegrationTests    : The following 1 profile is active: "mysql"
2025-04-24T01:44:01.337+03:00  INFO 65715 --- [    Test worker] .s.d.r.c.RepositoryConfigurationDelegate : Bootstrapping Spring Data JPA repositories in DEFAULT mode.
2025-04-24T01:44:01.428+03:00  INFO 65715 --- [    Test worker] .s.d.r.c.RepositoryConfigurationDelegate : Finished Spring Data repository scanning in 82 ms. Found 2 JPA repository interfaces.
2025-04-24T01:44:02.001+03:00  INFO 65715 --- [    Test worker] o.s.b.w.embedded.tomcat.TomcatWebServer  : Tomcat initialized with port 0 (http)
2025-04-24T01:44:02.011+03:00  INFO 65715 --- [    Test worker] o.apache.catalina.core.StandardService   : Starting service [Tomcat]
2025-04-24T01:44:02.012+03:00  INFO 65715 --- [    Test worker] o.apache.catalina.core.StandardEngine    : Starting Servlet engine: [Apache Tomcat/10.1.34]
2025-04-24T01:44:02.051+03:00  INFO 65715 --- [    Test worker] o.a.c.c.C.[Tomcat].[localhost].[/]       : Initializing Spring embedded WebApplicationContext
2025-04-24T01:44:02.052+03:00  INFO 65715 --- [    Test worker] w.s.c.ServletWebServerApplicationContext : Root WebApplicationContext: initialization completed in 1413 ms
2025-04-24T01:44:02.292+03:00  INFO 65715 --- [    Test worker] com.zaxxer.hikari.HikariDataSource       : HikariPool-1 - Starting...
2025-04-24T01:44:02.405+03:00  INFO 65715 --- [    Test worker] com.zaxxer.hikari.pool.HikariPool        : HikariPool-1 - Added connection com.mysql.cj.jdbc.ConnectionImpl@5d8112e6
2025-04-24T01:44:02.406+03:00  INFO 65715 --- [    Test worker] com.zaxxer.hikari.HikariDataSource       : HikariPool-1 - Start completed.
2025-04-24T01:44:02.696+03:00  INFO 65715 --- [    Test worker] o.hibernate.jpa.internal.util.LogHelper  : HHH000204: Processing PersistenceUnitInfo [name: default]
2025-04-24T01:44:02.729+03:00  INFO 65715 --- [    Test worker] org.hibernate.Version                    : HHH000412: Hibernate ORM core version 6.6.5.Final
2025-04-24T01:44:02.752+03:00  INFO 65715 --- [    Test worker] o.h.c.internal.RegionFactoryInitiator    : HHH000026: Second-level cache disabled
2025-04-24T01:44:02.949+03:00  INFO 65715 --- [    Test worker] o.s.o.j.p.SpringPersistenceUnitInfo      : No LoadTimeWeaver setup: ignoring JPA class transformer
2025-04-24T01:44:03.017+03:00  INFO 65715 --- [    Test worker] org.hibernate.orm.connections.pooling    : HHH10001005: Database info:
	Database JDBC URL [Connecting through datasource 'HikariDataSource (HikariPool-1)']
	Database driver: undefined/unknown
	Database version: 9.1
	Autocommit mode: undefined/unknown
	Isolation level: undefined/unknown
	Minimum pool size: undefined/unknown
	Maximum pool size: undefined/unknown
2025-04-24T01:44:03.729+03:00  INFO 65715 --- [    Test worker] o.h.e.t.j.p.i.JtaPlatformInitiator       : HHH000489: No JTA platform available (set 'hibernate.transaction.jta.platform' to enable JTA platform integration)
2025-04-24T01:44:03.732+03:00  INFO 65715 --- [    Test worker] j.LocalContainerEntityManagerFactoryBean : Initialized JPA EntityManagerFactory for persistence unit 'default'
2025-04-24T01:44:03.748+03:00  INFO 65715 --- [    Test worker] tc.mysql:9.1                             : Creating container for image: mysql:9.1
2025-04-24T01:44:03.784+03:00  INFO 65715 --- [    Test worker] tc.mysql:9.1                             : Container mysql:9.1 is starting: 0febe416cee8b10de1c183d2506be4bc97231333c4e0c1d7f2cee8885d9b9b05
2025-04-24T01:44:03.902+03:00  INFO 65715 --- [    Test worker] tc.mysql:9.1                             : Waiting for database connection to become available at jdbc:mysql://localhost:32772/test using query 'SELECT 1'
2025-04-24T01:44:20.744+03:00  INFO 65715 --- [    Test worker] tc.mysql:9.1                             : Container mysql:9.1 started in PT16.99594627S
2025-04-24T01:44:20.745+03:00  INFO 65715 --- [    Test worker] tc.mysql:9.1                             : Container is started (JDBC URL: jdbc:mysql://localhost:32772/test)
2025-04-24T01:44:21.003+03:00  INFO 65715 --- [    Test worker] o.s.d.j.r.query.QueryEnhancerFactory     : Hibernate is in classpath; If applicable, HQL parser will be used.
2025-04-24T01:44:22.093+03:00  INFO 65715 --- [    Test worker] o.s.b.a.e.web.EndpointLinksResolver      : Exposing 14 endpoints beneath base path '/actuator'
2025-04-24T01:44:22.226+03:00  INFO 65715 --- [    Test worker] o.s.b.w.embedded.tomcat.TomcatWebServer  : Tomcat started on port 34667 (http) with context path '/'
2025-04-24T01:44:22.240+03:00  INFO 65715 --- [    Test worker] o.s.s.petclinic.MySqlIntegrationTests    : Started MySqlIntegrationTests in 21.859 seconds (process running for 63.089)
2025-04-24T01:44:22.843+03:00  INFO 65715 --- [o-auto-1-exec-1] o.a.c.c.C.[Tomcat].[localhost].[/]       : Initializing Spring DispatcherServlet 'dispatcherServlet'
2025-04-24T01:44:22.843+03:00  INFO 65715 --- [o-auto-1-exec-1] o.s.web.servlet.DispatcherServlet        : Initializing Servlet 'dispatcherServlet'
2025-04-24T01:44:22.844+03:00  INFO 65715 --- [o-auto-1-exec-1] o.s.web.servlet.DispatcherServlet        : Completed initialization in 1 ms
]]></system-out>
  <system-err><![CDATA[]]></system-err>
</testsuite>
