<?xml version="1.0" encoding="UTF-8"?>
<testsuite name="org.springframework.samples.petclinic.owner.PetControllerTests$ProcessCreationFormHasErrors" tests="5" skipped="0" failures="0" errors="0" timestamp="2025-04-23T22:44:32.456Z" hostname="inkerinmaa" time="0.111">
  <properties/>
  <testcase name="testProcessCreationFormWithBlankName()" classname="org.springframework.samples.petclinic.owner.PetControllerTests$ProcessCreationFormHasErrors" time="0.02"/>
  <testcase name="testInitUpdateForm()" classname="org.springframework.samples.petclinic.owner.PetControllerTests$ProcessCreationFormHasErrors" time="0.019"/>
  <testcase name="testProcessCreationFormWithMissingPetType()" classname="org.springframework.samples.petclinic.owner.PetControllerTests$ProcessCreationFormHasErrors" time="0.021"/>
  <testcase name="testProcessCreationFormWithDuplicateName()" classname="org.springframework.samples.petclinic.owner.PetControllerTests$ProcessCreationFormHasErrors" time="0.022"/>
  <testcase name="testProcessCreationFormWithInvalidBirthDate()" classname="org.springframework.samples.petclinic.owner.PetControllerTests$ProcessCreationFormHasErrors" time="0.021"/>
  <system-out><![CDATA[2025-04-24T01:44:32.434+03:00  INFO 65715 --- [    Test worker] t.c.s.AnnotationConfigContextLoaderUtils : Could not detect default configuration classes for test class [org.springframework.samples.petclinic.owner.PetControllerTests$ProcessCreationFormHasErrors]: ProcessCreationFormHasErrors does not declare any static, non-private, non-final, nested classes annotated with @Configuration.
2025-04-24T01:44:32.451+03:00  INFO 65715 --- [    Test worker] .b.t.c.SpringBootTestContextBootstrapper : Found @SpringBootConfiguration org.springframework.samples.petclinic.PetClinicApplication for test class org.springframework.samples.petclinic.owner.PetControllerTests$ProcessCreationFormHasErrors
]]></system-out>
  <system-err><![CDATA[]]></system-err>
</testsuite>
